This is XeTeX, Version 3.14159265-2.6-0.999991 (TeX Live 2019/Arch Linux) (preloaded format=xelatex 2020.3.31)  7 APR 2020 02:41
entering extended mode
 restricted \write18 enabled.
 %&-line parsing enabled.
**dmenu.c
(./dmenu.c
LaTeX2e <2019-10-01> patch level 1

! LaTeX Error: Missing \begin{document}.

See the LaTeX manual or LaTeX Companion for explanation.
Type  H <return>  for immediate help.
 ...                                              
                                                  
l.1 /
     * See LICENSE file for copyright and license details. */
? 
! Emergency stop.
 ...                                              
                                                  
l.1 /
     * See LICENSE file for copyright and license details. */
You're in trouble here.  Try typing  <return>  to proceed.
If that doesn't work, type  X <return>  to quit.

 
Here is how much of TeX's memory you used:
 6 strings out of 492483
 165 string characters out of 6134979
 66274 words of memory out of 5000000
 4587 multiletter control sequences out of 15000+600000
 3640 words of font info for 14 fonts, out of 8000000 for 9000
 1348 hyphenation exceptions out of 8191
 5i,0n,4p,67b,14s stack positions out of 5000i,500n,10000p,200000b,80000s
No pages of output.
